file /u01/app/oracle/admin/dev/bdump/alert_dev.log.6
1
file /u01/app/oracle/admin/dev/bdump/alert_dev.log.5
1
file /u01/app/oracle/admin/dev/bdump/alert_dev.log.4
1
file /u01/app/oracle/admin/dev/bdump/alert_dev.log.3
1
file /u01/app/oracle/admin/dev/bdump/alert_dev.log.2
1
file /u01/app/oracle/admin/dev/bdump/alert_dev.log.1
1
file /u01/app/oracle/admin/dev/bdump/alert_dev.log.0
1
file /u01/app/oracle/admin/dev/bdump/dev_bdumptrc.tar.Z.0
0
/u01/app/oracle/admin/dev/bdump/*.trc: No such file or directory
file /u01/app/oracle/admin/dev/udump/dev_udumptrc.tar.Z.1
0
file /u01/app/oracle/admin/dev/udump/dev_udumptrc.tar.Z.0
0
/u01/app/oracle/admin/dev/udump/*.trc: No such file or directory
file /u01/app/oracle/admin/dev/cdump/dev_cdump.tar.Z.0
0
/u01/app/oracle/admin/dev/cdump/core_*: No such file or directory
rotate_log.sh.back[12]: /bin/ls: arg list too long
rotate_log.sh.back[12]: /bin/ls: arg list too long
rotate_log.sh.back[12]: /bin/ls: arg list too long
rotate_log.sh.back[12]: /bin/ls: arg list too long
rotate_log.sh.back[12]: /bin/ls: arg list too long
rotate_log.sh.back[12]: /bin/ls: arg list too long
rotate_log.sh.back[12]: /bin/ls: arg list too long
rotate_log.sh.back[31]: /bin/ls: arg list too long
rotate_log.sh.back[35]: /bin/ls: arg list too long
file /u01/app/oracle/product/9.2/network/log/dbsnmp.log.0
0
file /u01/app/oracle/product/9.2/network/log/listener.log.0
0
file /u01/app/oracle/product/9.2/network/log/listener1.log.0
0
file /u01/app/oracle/product/9.2/network/log/listener5.log.0
0
file /u01/app/oracle/product/9.2/network/log/listenerpdb.log.0
0
file /u01/app/oracle/product/9.2/network/log/nmiconf.log.0
0
file /u01/app/oracle/product/9.2/network/log/sqlnet.log.0
0
tar: /u01/app/oracle/product/9.2/network/trace/*.trc: No such file or directory
stbpdb - in skip list -- Action Skipped.
stbdb4 - in skip list -- Action Skipped.
stbdb3 - in skip list -- Action Skipped.
