SQL> /

GRANTED_ROLE                     COUNT(*)                                       
------------------------------ ----------                                       
APPLICATION_OWNER                       3                                       
APP_DEVELOPER                          50                                       
GATHER_SYSTEM_STATISTICS                1                                       
HS_ADMIN_ROLE                           2                                       
IMP_FULL_DATABASE                       1                                       
INFOSTORE_REPORT_ROLE                   1                                       
JAVAUSERPRIV                            2                                       
JAVA_ADMIN                              1                                       
JAVA_DEPLOY                             1                                       
OEM_MONITOR                             1                                       
OLAP_DBA                                1                                       
PLUSTRACE                               6                                       
RESOURCE                                3                                       
SELECT_CATALOG_ROLE                     7                                       
TC_ADMIN_ROLE                           1                                       
TC_LDR_ROLE                             1                                       
TC_MGR_ROLE                             1                                       
WM_ADMIN_ROLE                           1                                       
XDBADMIN                                1                                       

24 rows selected.

SQL> spool off
